<?xml version="1.0" encoding="UTF-8"?>
<testng-results skipped="0" failed="0" ignored="0" total="1" passed="1">
  <reporter-output>
  </reporter-output>
  <suite name="Default suite" duration-ms="656" started-at="2019-06-26T13:17:17Z" finished-at="2019-06-26T13:17:17Z">
    <groups>
    </groups>
    <test name="Default test" duration-ms="656" started-at="2019-06-26T13:17:17Z" finished-at="2019-06-26T13:17:17Z">
      <class name="myStudy.file.test.ExcelFileTest">
        <test-method status="PASS" signature="onlyRead()[pri:0, instance:myStudy.file.test.ExcelFileTest@5419f379]" name="onlyRead" duration-ms="640" started-at="2019-06-26T13:17:17Z" finished-at="2019-06-26T13:17:17Z">
          <reporter-output>
          </reporter-output>
        </test-method> <!-- onlyRead -->
      </class> <!-- myStudy.file.test.ExcelFileTest -->
    </test> <!-- Default test -->
  </suite> <!-- Default suite -->
</testng-results>
